<?xml version="1.0" encoding="UTF-8"?>
<testsuite xmlns:xsi="http://www.w3.org/2001/XMLSchema-instance" xsi:noNamespaceSchemaLocation="https://maven.apache.org/surefire/maven-surefire-plugin/xsd/surefire-test-report-3.0.xsd" version="3.0" name="TestSuite" time="8.195" tests="1" errors="0" skipped="0" failures="0">
  <properties>
[...]
</properties>
  <testcase name="registrationUserTest" classname="io.react.realworlapp.api.RegistrationTest" time="4.609">
    <system-out><![CDATA[Request method:	POST
Request URI:	https://conduit.productionready.io/api/users
Proxy:			<none>
Request params:	<none>
Query params:	<none>
Form params:	<none>
Path params:	<none>
Headers:		Accept=application/json, application/javascript, text/javascript, text/json
				Content-Type=application/json; charset=UTF-8
Cookies:		<none>
Multiparts:		<none>
Body:
{
    "user": {
        "username": "gale.berge",
        "email": "Rippin@email.com",
        "password": "qwerty123"
    }
}
]]></system-out>
    <system-err><![CDATA[SLF4J: Class path contains multiple SLF4J bindings.
SLF4J: Found binding in [jar:file:/C:/Users/afedy/.m2/repository/org/slf4j/slf4j-simple/1.7.30/slf4j-simple-1.7.30.jar!/org/slf4j/impl/StaticLoggerBinder.class]
SLF4J: Found binding in [jar:file:/C:/Users/afedy/.m2/repository/ch/qos/logback/logback-classic/1.2.3/logback-classic-1.2.3.jar!/org/slf4j/impl/StaticLoggerBinder.class]
SLF4J: See http://www.slf4j.org/codes.html#multiple_bindings for an explanation.
SLF4J: Actual binding is of type [org.slf4j.impl.SimpleLoggerFactory]
Jun 30, 2020 1:34:51 PM org.aspectj.weaver.tools.Jdk14Trace error
SEVERE: org/codehaus/groovy/runtime/callsite/AbstractCallSite
java.lang.RuntimeException: bad non-abstract method with no code: void org.codehaus.groovy.runtime.callsite.AbstractCallSite.<init>(org.codehaus.groovy.runtime.callsite.CallSiteArray, int, java.lang.String) on public class org.codehaus.groovy.runtime.callsite.AbstractCallSite
	at org.aspectj.weaver.bcel.LazyMethodGen.<init>(LazyMethodGen.java:223)
	at org.aspectj.weaver.bcel.LazyClassGen.<init>(LazyClassGen.java:308)
	at org.aspectj.weaver.bcel.BcelObjectType.getLazyClassGen(BcelObjectType.java:563)
	at org.aspectj.weaver.bcel.BcelWeaver.weave(BcelWeaver.java:1693)
	at org.aspectj.weaver.bcel.BcelWeaver.weaveWithoutDump(BcelWeaver.java:1644)
	at org.aspectj.weaver.bcel.BcelWeaver.weaveAndNotify(BcelWeaver.java:1409)
	at org.aspectj.weaver.bcel.BcelWeaver.weave(BcelWeaver.java:1191)
	at org.aspectj.weaver.tools.WeavingAdaptor.getWovenBytes(WeavingAdaptor.java:527)
	at org.aspectj.weaver.tools.WeavingAdaptor.weaveClass(WeavingAdaptor.java:363)
	at org.aspectj.weaver.loadtime.Aj.preProcess(Aj.java:121)
	at org.aspectj.weaver.loadtime.ClassPreProcessorAgentAdapter.transform(ClassPreProcessorAgentAdapter.java:54)
	at sun.instrument.TransformerManager.transform(TransformerManager.java:188)
	at sun.instrument.InstrumentationImpl.transform(InstrumentationImpl.java:428)
	at java.lang.ClassLoader.defineClass1(Native Method)
	at java.lang.ClassLoader.defineClass(ClassLoader.java:756)
	at java.lang.ClassLoader.defineClass(ClassLoader.java:635)
	at org.codehaus.groovy.reflection.SunClassLoader.define(SunClassLoader.java:94)
	at org.codehaus.groovy.runtime.callsite.GroovySunClassLoader.loadAbstract(GroovySunClassLoader.java:72)
	at org.codehaus.groovy.runtime.callsite.GroovySunClassLoader.<init>(GroovySunClassLoader.java:54)
	at org.codehaus.groovy.runtime.callsite.GroovySunClassLoader.<init>(GroovySunClassLoader.java:49)
	at org.codehaus.groovy.runtime.callsite.GroovySunClassLoader.lambda$static$0(GroovySunClassLoader.java:40)
	at java.security.AccessController.doPrivileged(Native Method)
	at org.codehaus.groovy.runtime.callsite.GroovySunClassLoader.<clinit>(GroovySunClassLoader.java:37)
	at org.codehaus.groovy.runtime.callsite.CallSiteGenerator.isCompilable(CallSiteGenerator.java:256)
	at org.codehaus.groovy.reflection.CachedMethod.createStaticMetaMethodSite(CachedMethod.java:312)
	at org.codehaus.groovy.runtime.callsite.StaticMetaMethodSite.createStaticMetaMethodSite(StaticMetaMethodSite.java:112)
	at groovy.lang.MetaClassImpl.createStaticSite(MetaClassImpl.java:3496)
	at org.codehaus.groovy.runtime.callsite.CallSiteArray.createCallStaticSite(CallSiteArray.java:74)
	at org.codehaus.groovy.runtime.callsite.CallSiteArray.createCallSite(CallSiteArray.java:156)
	at org.codehaus.groovy.runtime.callsite.CallSiteArray.defaultCall(CallSiteArray.java:47)
	at org.codehaus.groovy.runtime.callsite.AbstractCallSite.call(AbstractCallSite.java:125)
	at org.codehaus.groovy.runtime.callsite.AbstractCallSite.call(AbstractCallSite.java:130)
	at io.restassured.internal.common.assertion.AssertParameter.notNull(AssertParameter.groovy:21)
	at io.restassured.config.SSLConfig.<init>(SSLConfig.java:192)
	at io.restassured.config.SSLConfig.<init>(SSLConfig.java:184)
	at io.restassured.config.RestAssuredConfig.<init>(RestAssuredConfig.java:41)
	at io.restassured.RestAssured.<clinit>(RestAssured.java:421)
	at io.react.realworlapp.api.RegistrationTest.setUp(RegistrationTest.java:20)
	at sun.reflect.NativeMethodAccessorImpl.invoke0(Native Method)
	at sun.reflect.NativeMethodAccessorImpl.invoke(NativeMethodAccessorImpl.java:62)
	at sun.reflect.DelegatingMethodAccessorImpl.invoke(DelegatingMethodAccessorImpl.java:43)
	at java.lang.reflect.Method.invoke(Method.java:498)
	at org.testng.internal.MethodInvocationHelper.invokeMethod(MethodInvocationHelper.java:124)
	at org.testng.internal.MethodInvocationHelper.invokeMethodConsideringTimeout(MethodInvocationHelper.java:59)
	at org.testng.internal.Invoker.invokeConfigurationMethod(Invoker.java:458)
	at org.testng.internal.Invoker.invokeConfigurations(Invoker.java:222)
	at org.testng.internal.Invoker.invokeConfigurations(Invoker.java:142)
	at org.testng.internal.TestMethodWorker.invokeBeforeClassMethods(TestMethodWorker.java:168)
	at org.testng.internal.TestMethodWorker.run(TestMethodWorker.java:105)
	at org.testng.TestRunner.privateRun(TestRunner.java:648)
	at org.testng.TestRunner.run(TestRunner.java:505)
	at org.testng.SuiteRunner.runTest(SuiteRunner.java:455)
	at org.testng.SuiteRunner.runSequentially(SuiteRunner.java:450)
	at org.testng.SuiteRunner.privateRun(SuiteRunner.java:415)
	at org.testng.SuiteRunner.run(SuiteRunner.java:364)
	at org.testng.SuiteRunnerWorker.runSuite(SuiteRunnerWorker.java:52)
	at org.testng.SuiteRunnerWorker.run(SuiteRunnerWorker.java:84)
	at org.testng.TestNG.runSuitesSequentially(TestNG.java:1208)
	at org.testng.TestNG.runSuitesLocally(TestNG.java:1137)
	at org.testng.TestNG.runSuites(TestNG.java:1049)
	at org.testng.TestNG.run(TestNG.java:1017)
	at org.apache.maven.surefire.testng.TestNGExecutor.run(TestNGExecutor.java:284)
	at org.apache.maven.surefire.testng.TestNGXmlTestSuite.execute(TestNGXmlTestSuite.java:75)
	at org.apache.maven.surefire.testng.TestNGProvider.invoke(TestNGProvider.java:119)
	at org.apache.maven.surefire.booter.ForkedBooter.runSuitesInProcess(ForkedBooter.java:428)
	at org.apache.maven.surefire.booter.ForkedBooter.execute(ForkedBooter.java:162)
	at org.apache.maven.surefire.booter.ForkedBooter.run(ForkedBooter.java:562)
	at org.apache.maven.surefire.booter.ForkedBooter.main(ForkedBooter.java:548)

Jun 30, 2020 1:34:51 PM org.aspectj.weaver.tools.Jdk14Trace info
INFO: Dumping to D:\homework_selenide\.\ajcore.20200630.133451.249.txt
]]></system-err>
  </testcase>
</testsuite>