<?xml version="1.0" encoding="UTF-8"?>
<testng-results skipped="0" failed="0" ignored="0" total="5" passed="5">
  <reporter-output>
  </reporter-output>
  <suite name="UI smoke test suite" duration-ms="14118" started-at="2020-06-30T13:45:35Z" finished-at="2020-06-30T13:45:49Z">
    <groups>
    </groups>
    <test name="UI smoke tests" duration-ms="14118" started-at="2020-06-30T13:45:35Z" finished-at="2020-06-30T13:45:49Z">
      <class name="io.react.realworlapp.ProfileTest">
        <test-method status="PASS" signature="setUp()[pri:0, instance:io.react.realworlapp.ProfileTest@3291b443]" name="setUp" is-config="true" duration-ms="12458" started-at="2020-06-30T13:45:35Z" finished-at="2020-06-30T13:45:47Z">
          <reporter-output>
          </reporter-output>
        </test-method> <!-- setUp -->
        <test-method status="PASS" signature="checkPageOpened()[pri:0, instance:io.react.realworlapp.ProfileTest@3291b443]" name="checkPageOpened" duration-ms="1523" started-at="2020-06-30T13:45:47Z" finished-at="2020-06-30T13:45:49Z">
          <reporter-output>
          </reporter-output>
        </test-method> <!-- checkPageOpened -->
      </class> <!-- io.react.realworlapp.ProfileTest -->
      <class name="io.react.realworlapp.SettingsTest">
        <test-method status="PASS" signature="setUp()[pri:0, instance:io.react.realworlapp.SettingsTest@671c4166]" name="setUp" is-config="true" duration-ms="13161" started-at="2020-06-30T13:45:35Z" finished-at="2020-06-30T13:45:48Z">
          <reporter-output>
          </reporter-output>
        </test-method> <!-- setUp -->
        <test-method status="PASS" signature="setUp()[pri:0, instance:io.react.realworlapp.SettingsTest@671c4166]" name="setUp" is-config="true" duration-ms="3041" started-at="2020-06-30T13:45:46Z" finished-at="2020-06-30T13:45:49Z">
          <reporter-output>
          </reporter-output>
        </test-method> <!-- setUp -->
        <test-method status="PASS" signature="checkPageOpened()[pri:0, instance:io.react.realworlapp.SettingsTest@671c4166]" name="checkPageOpened" duration-ms="87" started-at="2020-06-30T13:45:48Z" finished-at="2020-06-30T13:45:48Z">
          <reporter-output>
          </reporter-output>
        </test-method> <!-- checkPageOpened -->
        <test-method status="PASS" signature="userLogout()[pri:0, instance:io.react.realworlapp.SettingsTest@671c4166]" name="userLogout" duration-ms="352" started-at="2020-06-30T13:45:49Z" finished-at="2020-06-30T13:45:49Z">
          <reporter-output>
          </reporter-output>
        </test-method> <!-- userLogout -->
      </class> <!-- io.react.realworlapp.SettingsTest -->
      <class name="io.react.realworlapp.LoginTest">
        <test-method status="PASS" signature="setUp()[pri:0, instance:io.react.realworlapp.LoginTest@18578491]" name="setUp" is-config="true" duration-ms="9127" started-at="2020-06-30T13:45:35Z" finished-at="2020-06-30T13:45:44Z">
          <reporter-output>
          </reporter-output>
        </test-method> <!-- setUp -->
        <test-method status="PASS" signature="setUp()[pri:0, instance:io.react.realworlapp.LoginTest@18578491]" name="setUp" is-config="true" duration-ms="9680" started-at="2020-06-30T13:45:35Z" finished-at="2020-06-30T13:45:45Z">
          <reporter-output>
          </reporter-output>
        </test-method> <!-- setUp -->
        <test-method status="PASS" signature="openPage()[pri:0, instance:io.react.realworlapp.LoginTest@18578491]" name="openPage" duration-ms="946" started-at="2020-06-30T13:45:45Z" finished-at="2020-06-30T13:45:46Z">
          <reporter-output>
          </reporter-output>
        </test-method> <!-- openPage -->
        <test-method status="PASS" signature="loginTest()[pri:0, instance:io.react.realworlapp.LoginTest@18578491]" name="loginTest" duration-ms="3909" started-at="2020-06-30T13:45:45Z" finished-at="2020-06-30T13:45:49Z">
          <reporter-output>
          </reporter-output>
        </test-method> <!-- loginTest -->
      </class> <!-- io.react.realworlapp.LoginTest -->
    </test> <!-- UI smoke tests -->
  </suite> <!-- UI smoke test suite -->
</testng-results>
