<?xml version="1.0" encoding="UTF-8"?>
<testsuite xmlns:xsi="http://www.w3.org/2001/XMLSchema-instance" xsi:noNamespaceSchemaLocation="https://maven.apache.org/surefire/maven-surefire-plugin/xsd/surefire-test-report-3.0.xsd" version="3.0" name="TestSuite" time="18.271" tests="5" errors="0" skipped="0" failures="0">
  <properties>
[...]
</properties>
  <testcase name="openPage" classname="io.react.realworlapp.LoginTest" time="0.408">
    <system-err><![CDATA[SLF4J: Class path contains multiple SLF4J bindings.
SLF4J: Found binding in [jar:file:/C:/Users/afedy/.m2/repository/org/slf4j/slf4j-simple/1.7.30/slf4j-simple-1.7.30.jar!/org/slf4j/impl/StaticLoggerBinder.class]
SLF4J: Found binding in [jar:file:/C:/Users/afedy/.m2/repository/ch/qos/logback/logback-classic/1.2.3/logback-classic-1.2.3.jar!/org/slf4j/impl/StaticLoggerBinder.class]
SLF4J: See http://www.slf4j.org/codes.html#multiple_bindings for an explanation.
SLF4J: Actual binding is of type [org.slf4j.impl.SimpleLoggerFactory]
Jun 30, 2020 3:51:35 PM org.openqa.selenium.remote.ProtocolHandshake createSession
INFO: Detected dialect: W3C
[TestNG-test=UI smoke tests-2] INFO com.codeborne.selenide.impl.WebDriverThreadLocalContainer - No webdriver is bound to current thread: 20 - let's create a new webdriver
[TestNG-test=UI smoke tests-3] INFO com.codeborne.selenide.impl.WebDriverThreadLocalContainer - No webdriver is bound to current thread: 21 - let's create a new webdriver
[TestNG-test=UI smoke tests-4] INFO com.codeborne.selenide.impl.WebDriverThreadLocalContainer - No webdriver is bound to current thread: 22 - let's create a new webdriver
[TestNG-test=UI smoke tests-1] INFO com.codeborne.selenide.impl.WebDriverThreadLocalContainer - No webdriver is bound to current thread: 19 - let's create a new webdriver
[TestNG-test=UI smoke tests-2] INFO io.github.bonigarcia.wdm.WebDriverManager - Please answer the following questionnaire based on your experience with WebDriverManager. Thanks a lot!
[TestNG-test=UI smoke tests-2] INFO io.github.bonigarcia.wdm.WebDriverManager - ====> http://tiny.cc/wdm-survey <====
[TestNG-test=UI smoke tests-2] INFO io.github.bonigarcia.wdm.WebDriverManager - Using chromedriver 83.0.4103.39 (since Chrome 83 is installed in your machine)
[TestNG-test=UI smoke tests-2] INFO io.github.bonigarcia.wdm.WebDriverManager - Exporting webdriver.chrome.driver as C:\Users\afedy\.m2\repository\webdriver\chromedriver\win32\83.0.4103.39\chromedriver.exe
[TestNG-test=UI smoke tests-1] INFO io.github.bonigarcia.wdm.WebDriverManager - Please answer the following questionnaire based on your experience with WebDriverManager. Thanks a lot!
[TestNG-test=UI smoke tests-1] INFO io.github.bonigarcia.wdm.WebDriverManager - ====> http://tiny.cc/wdm-survey <====
[TestNG-test=UI smoke tests-1] INFO io.github.bonigarcia.wdm.WebDriverManager - Using chromedriver 83.0.4103.39 (since Chrome 83 is installed in your machine)
[TestNG-test=UI smoke tests-1] INFO io.github.bonigarcia.wdm.WebDriverManager - Exporting webdriver.chrome.driver as C:\Users\afedy\.m2\repository\webdriver\chromedriver\win32\83.0.4103.39\chromedriver.exe
[TestNG-test=UI smoke tests-4] INFO io.github.bonigarcia.wdm.WebDriverManager - Please answer the following questionnaire based on your experience with WebDriverManager. Thanks a lot!
[TestNG-test=UI smoke tests-4] INFO io.github.bonigarcia.wdm.WebDriverManager - ====> http://tiny.cc/wdm-survey <====
[TestNG-test=UI smoke tests-4] INFO io.github.bonigarcia.wdm.WebDriverManager - Using chromedriver 83.0.4103.39 (since Chrome 83 is installed in your machine)
[TestNG-test=UI smoke tests-4] INFO io.github.bonigarcia.wdm.WebDriverManager - Exporting webdriver.chrome.driver as C:\Users\afedy\.m2\repository\webdriver\chromedriver\win32\83.0.4103.39\chromedriver.exe
[TestNG-test=UI smoke tests-3] INFO io.github.bonigarcia.wdm.WebDriverManager - Please answer the following questionnaire based on your experience with WebDriverManager. Thanks a lot!
[TestNG-test=UI smoke tests-3] INFO io.github.bonigarcia.wdm.WebDriverManager - ====> http://tiny.cc/wdm-survey <====
[TestNG-test=UI smoke tests-3] INFO io.github.bonigarcia.wdm.WebDriverManager - Using chromedriver 83.0.4103.39 (since Chrome 83 is installed in your machine)
[TestNG-test=UI smoke tests-3] INFO io.github.bonigarcia.wdm.WebDriverManager - Exporting webdriver.chrome.driver as C:\Users\afedy\.m2\repository\webdriver\chromedriver\win32\83.0.4103.39\chromedriver.exe
Starting ChromeDriver 83.0.4103.39 (ccbf011cb2d2b19b506d844400483861342c20cd-refs/branch-heads/4103@{#416}) on port 28587
Only local connections are allowed.
Please see https://chromedriver.chromium.org/security-considerations for suggestions on keeping ChromeDriver safe.
ChromeDriver was started successfully.
Starting ChromeDriver 83.0.4103.39 (ccbf011cb2d2b19b506d844400483861342c20cd-refs/branch-heads/4103@{#416}) on port 29026
Only local connections are allowed.
Please see https://chromedriver.chromium.org/security-considerations for suggestions on keeping ChromeDriver safe.
ChromeDriver was started successfully.
Starting ChromeDriver 83.0.4103.39 (ccbf011cb2d2b19b506d844400483861342c20cd-refs/branch-heads/4103@{#416}) on port 13535
Only local connections are allowed.
Please see https://chromedriver.chromium.org/security-considerations for suggestions on keeping ChromeDriver safe.
ChromeDriver was started successfully.
Starting ChromeDriver 83.0.4103.39 (ccbf011cb2d2b19b506d844400483861342c20cd-refs/branch-heads/4103@{#416}) on port 21176
Only local connections are allowed.
Please see https://chromedriver.chromium.org/security-considerations for suggestions on keeping ChromeDriver safe.
ChromeDriver was started successfully.
Jun 30, 2020 3:51:42 PM org.openqa.selenium.remote.ProtocolHandshake createSession
INFO: Detected dialect: W3C
[TestNG-test=UI smoke tests-1] INFO com.codeborne.selenide.webdriver.BrowserResizer - Set browser size to 1366x768
Jun 30, 2020 3:51:42 PM org.openqa.selenium.remote.ProtocolHandshake createSession
INFO: Detected dialect: W3C
[TestNG-test=UI smoke tests-2] INFO com.codeborne.selenide.webdriver.BrowserResizer - Set browser size to 1366x768
[TestNG-test=UI smoke tests-1] INFO com.codeborne.selenide.webdriver.WebDriverFactory - BrowserName=chrome Version=83.0.4103.106 Platform=WINDOWS
[TestNG-test=UI smoke tests-1] INFO com.codeborne.selenide.webdriver.WebDriverFactory - Selenide v. 5.12.2
[TestNG-test=UI smoke tests-1] INFO com.codeborne.selenide.webdriver.WebDriverFactory - Selenium WebDriver v. 3.141.59 build time: 2018-11-14T08:17:03
[TestNG-test=UI smoke tests-1] INFO com.codeborne.selenide.drivercommands.CreateDriverCommand - Create webdriver in current thread 19: ChromeDriver -> ChromeDriver: chrome on WINDOWS (a906f5c7c8fa05b31109a4d77c3c950d)
[TestNG-test=UI smoke tests-2] INFO com.codeborne.selenide.webdriver.WebDriverFactory - BrowserName=chrome Version=83.0.4103.106 Platform=WINDOWS
[TestNG-test=UI smoke tests-2] INFO com.codeborne.selenide.webdriver.WebDriverFactory - Selenide v. 5.12.2
[TestNG-test=UI smoke tests-2] INFO com.codeborne.selenide.webdriver.WebDriverFactory - Selenium WebDriver v. 3.141.59 build time: 2018-11-14T08:17:03
[TestNG-test=UI smoke tests-2] INFO com.codeborne.selenide.drivercommands.CreateDriverCommand - Create webdriver in current thread 20: ChromeDriver -> ChromeDriver: chrome on WINDOWS (44fe72e5bcc13a465a7c79007e5bc73b)
Jun 30, 2020 3:51:43 PM org.openqa.selenium.remote.ProtocolHandshake createSession
INFO: Detected dialect: W3C
[TestNG-test=UI smoke tests-3] INFO com.codeborne.selenide.webdriver.BrowserResizer - Set browser size to 1366x768
[TestNG-test=UI smoke tests-3] INFO com.codeborne.selenide.webdriver.WebDriverFactory - BrowserName=chrome Version=83.0.4103.106 Platform=WINDOWS
[TestNG-test=UI smoke tests-3] INFO com.codeborne.selenide.webdriver.WebDriverFactory - Selenide v. 5.12.2
[TestNG-test=UI smoke tests-3] INFO com.codeborne.selenide.webdriver.WebDriverFactory - Selenium WebDriver v. 3.141.59 build time: 2018-11-14T08:17:03
[TestNG-test=UI smoke tests-3] INFO com.codeborne.selenide.drivercommands.CreateDriverCommand - Create webdriver in current thread 21: ChromeDriver -> ChromeDriver: chrome on WINDOWS (2670d34be0de9681f91ff03008190e33)
Jun 30, 2020 3:51:43 PM org.openqa.selenium.remote.ProtocolHandshake createSession
INFO: Detected dialect: W3C
[TestNG-test=UI smoke tests-4] INFO com.codeborne.selenide.webdriver.BrowserResizer - Set browser size to 1366x768
[TestNG-test=UI smoke tests-4] INFO com.codeborne.selenide.webdriver.WebDriverFactory - BrowserName=chrome Version=83.0.4103.106 Platform=WINDOWS
[TestNG-test=UI smoke tests-4] INFO com.codeborne.selenide.webdriver.WebDriverFactory - Selenide v. 5.12.2
[TestNG-test=UI smoke tests-4] INFO com.codeborne.selenide.webdriver.WebDriverFactory - Selenium WebDriver v. 3.141.59 build time: 2018-11-14T08:17:03
[TestNG-test=UI smoke tests-4] INFO com.codeborne.selenide.drivercommands.CreateDriverCommand - Create webdriver in current thread 22: ChromeDriver -> ChromeDriver: chrome on WINDOWS (9694ef337f697f1046ea6d11faa0dd40)
[TestNG-test=UI smoke tests-1] INFO io.react.realworldapp.LoginPage - Open Login Page
[TestNG-test=UI smoke tests-1] INFO io.react.realworldapp.LoginPage - Click SignIn button
[TestNG-test=UI smoke tests-4] INFO io.react.realworldapp.LoginPage - Click SignIn button
[TestNG-test=UI smoke tests-3] INFO io.react.realworldapp.LoginPage - Click SignIn button
]]></system-err>
  </testcase>
  <testcase name="loginTest" classname="io.react.realworlapp.LoginTest" time="0.574"/>
  <testcase name="checkPageOpened" classname="io.react.realworlapp.SettingsTest" time="0.101"/>
  <testcase name="userLogout" classname="io.react.realworlapp.SettingsTest" time="0.196"/>
  <testcase name="checkPageOpened" classname="io.react.realworlapp.ProfileTest" time="1.224">
    <system-err><![CDATA[[TestNG-test=UI smoke tests-2] INFO io.react.realworldapp.LoginPage - Click SignIn button
]]></system-err>
  </testcase>
</testsuite>